============================= test session starts =============================
platform win32 -- Python 3.11.1, pytest-9.1.1, pluggy-1.6.0
django: version: 5.2.16, settings: config.settings_test (from env)
rootdir: D:\Semester_4_1\cinemaseat\backend
configfile: pytest.ini
plugins: anyio-3.7.1, django-4.13.0
collected 33 items

booking\tests.py ...........................                             [ 81%]
catalog\tests.py .....                                                   [ 96%]
booking\tests.py F                                                       [100%]

================================== FAILURES ===================================
_______ test_pay_returns_202_creates_pending_payment_and_calls_gateway ________

client = <rest_framework.test.APIClient object at 0x0000028990228A90>
held_booking = <Booking: bk_aac1569f5dea (HELD)>
monkeypatch = <_pytest.monkeypatch.MonkeyPatch object at 0x000002899022BB10>

    @pytest.mark.django_db(transaction=True)
    def test_pay_returns_202_creates_pending_payment_and_calls_gateway(
        client, held_booking, monkeypatch
    ):
        """POST /api/bookings/<ref>/pay/ must:
          * return 202 immediately,
          * create a Payment row in PENDING with the right amount,
          * call the gateway /charge in the background with the documented payload.
    
        This test uses ``transaction=True`` because the /charge worker
        runs in a separate thread on its own DB connection. With the
        default transactional pytest mode, the worker can't acquire the
        write lock the test is holding and the worker silently fails to
        back-fill ``payment_id``. Real transactions let the worker commit
        and the test then sees the freshly written column.
        """
        stub = _ChargeCall(return_value=(200, {"payment_id": "pay_xyz123"}))
        monkeypatch.setattr(gateway, "charge", stub)
    
        response = client.post(f"/api/bookings/{held_booking.booking_ref}/pay/")
    
        assert response.status_code == 202, response.content
        body = response.json()
        assert body["booking_id"] == held_booking.booking_ref
        assert body["status"] == "PENDING"
        # On the immediate response, payment_id may be None (the worker
        # backfills it after the gateway call). Accept either.
        assert body["payment_id"] in (None, "pay_xyz123")
        assert "amount" in body
    
        payment = Payment.objects.get(booking=held_booking)
        assert payment.status == Payment.Status.PENDING
        seat_count = held_booking.booking_seats.count()
        base_price = held_booking.booking_seats.first().seat.showtime.base_price
        assert payment.amount == base_price * seat_count
    
        _wait_for_charge_calls(stub, expected=1)
        kwargs = stub.calls[0]["kwargs"]
        assert kwargs["currency"] == "BDT"
        assert kwargs["booking_ref"] == held_booking.booking_ref
        assert kwargs["callback_url"].endswith("/api/webhooks/payment/")
        assert Decimal(kwargs["amount"]) == payment.amount
    
        # After the worker runs, the gateway's payment_id is captured.
        payment.refresh_from_db()
>       assert payment.payment_id == "pay_xyz123"
E       AssertionError: assert None == 'pay_xyz123'
E        +  where None = <Payment: Payment(booking=1, PENDING, 900.00)>.payment_id

booking\tests.py:588: AssertionError
---------------------------- Captured stdout setup ----------------------------
Wiping existing catalog dataà
Seed complete: 3 movies, 2 theatres, 8 new showtimes, 320 new seats.
============================== warnings summary ===============================
booking/tests.py::test_pay_409_on_booking_not_held
  C:\Users\ashra\AppData\Roaming\Python\Python311\site-packages\_pytest\threadexception.py:58: PytestUnhandledThreadExceptionWarning: Exception in thread charge-bk_50eba8c6b776
  
  Traceback (most recent call last):
    File "C:\Users\ashra\AppData\Roaming\Python\Python311\site-packages\django\db\backends\utils.py", line 105, in _execute
      return self.cursor.execute(sql, params)
             ^^^^^^^^^^^^^^^^^^^^^^^^^^^^^^^^
    File "C:\Users\ashra\AppData\Roaming\Python\Python311\site-packages\django\db\backends\sqlite3\base.py", line 360, in execute
      return super().execute(query, params)
             ^^^^^^^^^^^^^^^^^^^^^^^^^^^^^^
  sqlite3.OperationalError: database table is locked: payments_payment
  
  The above exception was the direct cause of the following exception:
  
  Traceback (most recent call last):
    File "C:\Program Files\Python311\Lib\threading.py", line 1038, in _bootstrap_inner
      self.run()
    File "C:\Program Files\Python311\Lib\threading.py", line 975, in run
      self._target(*self._args, **self._kwargs)
    File "D:\Semester_4_1\cinemaseat\backend\booking\views.py", line 137, in _worker
      payment = Payment.objects.get(booking=booking)
                ^^^^^^^^^^^^^^^^^^^^^^^^^^^^^^^^^^^^
    File "C:\Users\ashra\AppData\Roaming\Python\Python311\site-packages\django\db\models\manager.py", line 87, in manager_method
      return getattr(self.get_queryset(), name)(*args, **kwargs)
             ^^^^^^^^^^^^^^^^^^^^^^^^^^^^^^^^^^^^^^^^^^^^^^^^^^^
    File "C:\Users\ashra\AppData\Roaming\Python\Python311\site-packages\django\db\models\query.py", line 631, in get
      num = len(clone)
            ^^^^^^^^^^
    File "C:\Users\ashra\AppData\Roaming\Python\Python311\site-packages\django\db\models\query.py", line 368, in __len__
      self._fetch_all()
    File "C:\Users\ashra\AppData\Roaming\Python\Python311\site-packages\django\db\models\query.py", line 1954, in _fetch_all
      self._result_cache = list(self._iterable_class(self))
                           ^^^^^^^^^^^^^^^^^^^^^^^^^^^^^^^^
    File "C:\Users\ashra\AppData\Roaming\Python\Python311\site-packages\django\db\models\query.py", line 93, in __iter__
      results = compiler.execute_sql(
                ^^^^^^^^^^^^^^^^^^^^^
    File "C:\Users\ashra\AppData\Roaming\Python\Python311\site-packages\django\db\models\sql\compiler.py", line 1623, in execute_sql
      cursor.execute(sql, params)
    File "C:\Users\ashra\AppData\Roaming\Python\Python311\site-packages\django\db\backends\utils.py", line 79, in execute
      return self._execute_with_wrappers(
             ^^^^^^^^^^^^^^^^^^^^^^^^^^^^
    File "C:\Users\ashra\AppData\Roaming\Python\Python311\site-packages\django\db\backends\utils.py", line 92, in _execute_with_wrappers
      return executor(sql, params, many, context)
             ^^^^^^^^^^^^^^^^^^^^^^^^^^^^^^^^^^^^
    File "C:\Users\ashra\AppData\Roaming\Python\Python311\site-packages\django\db\backends\utils.py", line 100, in _execute
      with self.db.wrap_database_errors:
    File "C:\Users\ashra\AppData\Roaming\Python\Python311\site-packages\django\db\utils.py", line 91, in __exit__
      raise dj_exc_value.with_traceback(traceback) from exc_value
    File "C:\Users\ashra\AppData\Roaming\Python\Python311\site-packages\django\db\backends\utils.py", line 105, in _execute
      return self.cursor.execute(sql, params)
             ^^^^^^^^^^^^^^^^^^^^^^^^^^^^^^^^
    File "C:\Users\ashra\AppData\Roaming\Python\Python311\site-packages\django\db\backends\sqlite3\base.py", line 360, in execute
      return super().execute(query, params)
             ^^^^^^^^^^^^^^^^^^^^^^^^^^^^^^
  django.db.utils.OperationalError: database table is locked: payments_payment
  
  Enable tracemalloc to get traceback where the object was allocated.
  See https://docs.pytest.org/en/stable/how-to/capture-warnings.html#resource-warnings for more info.
    warnings.warn(pytest.PytestUnhandledThreadExceptionWarning(msg))

booking/tests.py::test_webhook_succeeded_marks_booking_paid_and_seats_booked
  C:\Users\ashra\AppData\Roaming\Python\Python311\site-packages\_pytest\threadexception.py:58: PytestUnhandledThreadExceptionWarning: Exception in thread charge-bk_76b1ecc8c3d2
  
  Traceback (most recent call last):
    File "C:\Users\ashra\AppData\Roaming\Python\Python311\site-packages\django\db\backends\utils.py", line 105, in _execute
      return self.cursor.execute(sql, params)
             ^^^^^^^^^^^^^^^^^^^^^^^^^^^^^^^^
    File "C:\Users\ashra\AppData\Roaming\Python\Python311\site-packages\django\db\backends\sqlite3\base.py", line 360, in execute
      return super().execute(query, params)
             ^^^^^^^^^^^^^^^^^^^^^^^^^^^^^^
  sqlite3.OperationalError: database table is locked: payments_payment
  
  The above exception was the direct cause of the following exception:
  
  Traceback (most recent call last):
    File "C:\Program Files\Python311\Lib\threading.py", line 1038, in _bootstrap_inner
      self.run()
    File "C:\Program Files\Python311\Lib\threading.py", line 975, in run
      self._target(*self._args, **self._kwargs)
    File "D:\Semester_4_1\cinemaseat\backend\booking\views.py", line 137, in _worker
      payment = Payment.objects.get(booking=booking)
                ^^^^^^^^^^^^^^^^^^^^^^^^^^^^^^^^^^^^
    File "C:\Users\ashra\AppData\Roaming\Python\Python311\site-packages\django\db\models\manager.py", line 87, in manager_method
      return getattr(self.get_queryset(), name)(*args, **kwargs)
             ^^^^^^^^^^^^^^^^^^^^^^^^^^^^^^^^^^^^^^^^^^^^^^^^^^^
    File "C:\Users\ashra\AppData\Roaming\Python\Python311\site-packages\django\db\models\query.py", line 631, in get
      num = len(clone)
            ^^^^^^^^^^
    File "C:\Users\ashra\AppData\Roaming\Python\Python311\site-packages\django\db\models\query.py", line 368, in __len__
      self._fetch_all()
    File "C:\Users\ashra\AppData\Roaming\Python\Python311\site-packages\django\db\models\query.py", line 1954, in _fetch_all
      self._result_cache = list(self._iterable_class(self))
                           ^^^^^^^^^^^^^^^^^^^^^^^^^^^^^^^^
    File "C:\Users\ashra\AppData\Roaming\Python\Python311\site-packages\django\db\models\query.py", line 93, in __iter__
      results = compiler.execute_sql(
                ^^^^^^^^^^^^^^^^^^^^^
    File "C:\Users\ashra\AppData\Roaming\Python\Python311\site-packages\django\db\models\sql\compiler.py", line 1623, in execute_sql
      cursor.execute(sql, params)
    File "C:\Users\ashra\AppData\Roaming\Python\Python311\site-packages\django\db\backends\utils.py", line 79, in execute
      return self._execute_with_wrappers(
             ^^^^^^^^^^^^^^^^^^^^^^^^^^^^
    File "C:\Users\ashra\AppData\Roaming\Python\Python311\site-packages\django\db\backends\utils.py", line 92, in _execute_with_wrappers
      return executor(sql, params, many, context)
             ^^^^^^^^^^^^^^^^^^^^^^^^^^^^^^^^^^^^
    File "C:\Users\ashra\AppData\Roaming\Python\Python311\site-packages\django\db\backends\utils.py", line 100, in _execute
      with self.db.wrap_database_errors:
    File "C:\Users\ashra\AppData\Roaming\Python\Python311\site-packages\django\db\utils.py", line 91, in __exit__
      raise dj_exc_value.with_traceback(traceback) from exc_value
    File "C:\Users\ashra\AppData\Roaming\Python\Python311\site-packages\django\db\backends\utils.py", line 105, in _execute
      return self.cursor.execute(sql, params)
             ^^^^^^^^^^^^^^^^^^^^^^^^^^^^^^^^
    File "C:\Users\ashra\AppData\Roaming\Python\Python311\site-packages\django\db\backends\sqlite3\base.py", line 360, in execute
      return super().execute(query, params)
             ^^^^^^^^^^^^^^^^^^^^^^^^^^^^^^
  django.db.utils.OperationalError: database table is locked: payments_payment
  
  Enable tracemalloc to get traceback where the object was allocated.
  See https://docs.pytest.org/en/stable/how-to/capture-warnings.html#resource-warnings for more info.
    warnings.warn(pytest.PytestUnhandledThreadExceptionWarning(msg))

-- Docs: https://docs.pytest.org/en/stable/how-to/capture-warnings.html
=========================== short test summary info ===========================
FAILED booking/tests.py::test_pay_returns_202_creates_pending_payment_and_calls_gateway
================== 1 failed, 32 passed, 2 warnings in 3.89s ===================
